<?xml version="1.0" encoding="UTF-8"?>
<!-- Generated by org.testng.reporters.JUnitXMLReporter -->
<testsuite ignored="0" hostname="DESKTOP-U73UTOG" failures="1" tests="3" name="ExceptionHandling" time="18.837" errors="0" timestamp="2025-04-03T13:18:52 GMT-04:00">
  <testcase classname="tests.ErrorValidations" name="LoginErrorValidation" time="0.567">
    <skipped/>
  </testcase> <!-- LoginErrorValidation -->
  <testcase classname="tests.ErrorValidations" name="LoginErrorValidation" time="1.232">
    <failure type="java.lang.AssertionError" message="expected [Incorrect email  password.] but found [Incorrect email or password.]">
      <![CDATA[java.lang.AssertionError: expected [Incorrect email  password.] but found [Incorrect email or password.]
at tests.ErrorValidations.LoginErrorValidation(ErrorValidations.java:29)
at java.base/java.util.ArrayList.forEach(ArrayList.java:1511)
at java.base/java.util.concurrent.FutureTask.run(FutureTask.java:264)
at java.base/java.util.concurrent.ThreadPoolExecutor.runWorker(ThreadPoolExecutor.java:1136)
at java.base/java.util.concurrent.ThreadPoolExecutor$Worker.run(ThreadPoolExecutor.java:635)
at java.base/java.lang.Thread.run(Thread.java:833)
... Removed 23 stack frames]]>
    </failure>
  </testcase> <!-- LoginErrorValidation -->
  <testcase classname="tests.ErrorValidations" name="ProductErrorValidation" time="2.82"/>
</testsuite> <!-- ExceptionHandling -->
