<?xml version="1.0" encoding="UTF-8"?>
<!-- Generated by org.testng.reporters.JUnitXMLReporter -->
<testsuite ignored="0" hostname="DESKTOP-U73UTOG" failures="1" tests="3" name="ExceptionHandling" time="18.996" errors="0" timestamp="2025-04-03T14:55:23 GMT-04:00">
  <testcase classname="tests.ErrorValidations" name="LoginErrorValidation" time="1.095">
    <skipped/>
  </testcase> <!-- LoginErrorValidation -->
  <testcase classname="tests.ErrorValidations" name="LoginErrorValidation" time="1.15">
    <failure type="java.lang.AssertionError" message="expected [Incorrect email  password.] but found [Incorrect email or password.]">
      <![CDATA[java.lang.AssertionError: expected [Incorrect email  password.] but found [Incorrect email or password.]
at tests.ErrorValidations.LoginErrorValidation(ErrorValidations.java:29)
at java.base/java.util.ArrayList.forEach(ArrayList.java:1596)
at java.base/java.util.concurrent.FutureTask.run(FutureTask.java:317)
at java.base/java.util.concurrent.ThreadPoolExecutor.runWorker(ThreadPoolExecutor.java:1144)
at java.base/java.util.concurrent.ThreadPoolExecutor$Worker.run(ThreadPoolExecutor.java:642)
at java.base/java.lang.Thread.run(Thread.java:1583)
... Removed 21 stack frames]]>
    </failure>
  </testcase> <!-- LoginErrorValidation -->
  <testcase classname="tests.ErrorValidations" name="ProductErrorValidation" time="2.993"/>
</testsuite> <!-- ExceptionHandling -->
